C:\USERS\ANKUR\DESKTOP\RAYTRACER ORIG\DEBUG\AS2.PCH
C:\USERS\ANKUR\DESKTOP\RAYTRACER ORIG\DEBUG\STDAFX.OBJ
C:\USERS\ANKUR\DESKTOP\RAYTRACER ORIG\DEBUG\VC110.PDB
C:\USERS\ANKUR\DESKTOP\RAYTRACER ORIG\DEBUG\AGGREGATEPRIMITIVE.OBJ
C:\USERS\ANKUR\DESKTOP\RAYTRACER ORIG\DEBUG\BRDF.OBJ
C:\USERS\ANKUR\DESKTOP\RAYTRACER ORIG\DEBUG\CAMERA.OBJ
C:\USERS\ANKUR\DESKTOP\RAYTRACER ORIG\DEBUG\COLOR.OBJ
C:\USERS\ANKUR\DESKTOP\RAYTRACER ORIG\DEBUG\FILM.OBJ
C:\USERS\ANKUR\DESKTOP\RAYTRACER ORIG\DEBUG\INTERSECTION.OBJ
C:\USERS\ANKUR\DESKTOP\RAYTRACER ORIG\DEBUG\LOCALGEO.OBJ
C:\USERS\ANKUR\DESKTOP\RAYTRACER ORIG\DEBUG\NORMAL.OBJ
C:\USERS\ANKUR\DESKTOP\RAYTRACER ORIG\DEBUG\POINT.OBJ
C:\USERS\ANKUR\DESKTOP\RAYTRACER ORIG\DEBUG\POINTLIGHT.OBJ
C:\USERS\ANKUR\DESKTOP\RAYTRACER ORIG\DEBUG\RAY.OBJ
C:\USERS\ANKUR\DESKTOP\RAYTRACER ORIG\DEBUG\RAYTRACER.OBJ
C:\USERS\ANKUR\DESKTOP\RAYTRACER ORIG\DEBUG\SAMPLE.OBJ
C:\USERS\ANKUR\DESKTOP\RAYTRACER ORIG\DEBUG\SAMPLER.OBJ
C:\USERS\ANKUR\DESKTOP\RAYTRACER ORIG\DEBUG\SCENE.OBJ
C:\USERS\ANKUR\DESKTOP\RAYTRACER ORIG\DEBUG\SPHERE.OBJ
C:\USERS\ANKUR\DESKTOP\RAYTRACER ORIG\DEBUG\TRIANGLE.OBJ
C:\USERS\ANKUR\DESKTOP\RAYTRACER ORIG\DEBUG\VECTOR.OBJ
C:\USERS\ANKUR\DESKTOP\RAYTRACER ORIG\DEBUG\DIRECTLIGHT.OBJ
C:\USERS\ANKUR\DESKTOP\RAYTRACER ORIG\DEBUG\AMBIENTLIGHT.OBJ
C:\Users\Ankur\Desktop\raytracer orig\Debug\AggregatePrimitive.obj
C:\Users\Ankur\Desktop\raytracer orig\Debug\AmbientLight.obj
C:\Users\Ankur\Desktop\raytracer orig\Debug\BRDF.obj
C:\Users\Ankur\Desktop\raytracer orig\Debug\Camera.obj
C:\Users\Ankur\Desktop\raytracer orig\Debug\Color.obj
C:\Users\Ankur\Desktop\raytracer orig\Debug\DirectLight.obj
C:\Users\Ankur\Desktop\raytracer orig\Debug\Film.obj
C:\Users\Ankur\Desktop\raytracer orig\Debug\Intersection.obj
C:\Users\Ankur\Desktop\raytracer orig\Debug\LocalGeo.obj
C:\Users\Ankur\Desktop\raytracer orig\Debug\Normal.obj
C:\Users\Ankur\Desktop\raytracer orig\Debug\Point.obj
C:\Users\Ankur\Desktop\raytracer orig\Debug\PointLight.obj
C:\Users\Ankur\Desktop\raytracer orig\Debug\Ray.obj
C:\Users\Ankur\Desktop\raytracer orig\Debug\Raytracer.obj
C:\Users\Ankur\Desktop\raytracer orig\Debug\Sample.obj
C:\Users\Ankur\Desktop\raytracer orig\Debug\Sampler.obj
C:\Users\Ankur\Desktop\raytracer orig\Debug\Scene.obj
C:\Users\Ankur\Desktop\raytracer orig\Debug\Sphere.obj
C:\Users\Ankur\Desktop\raytracer orig\Debug\stdafx.obj
C:\Users\Ankur\Desktop\raytracer orig\Debug\Triangle.obj
C:\Users\Ankur\Desktop\raytracer orig\Debug\Vector.obj
C:\Users\Ankur\Desktop\raytracer orig\Debug\as2.ilk
C:\Users\Ankur\Desktop\raytracer orig\Debug\cl.command.1.tlog
C:\Users\Ankur\Desktop\raytracer orig\Debug\CL.read.1.tlog
C:\Users\Ankur\Desktop\raytracer orig\Debug\CL.write.1.tlog
C:\Users\Ankur\Desktop\raytracer orig\Debug\link-cvtres.read.1.tlog
C:\Users\Ankur\Desktop\raytracer orig\Debug\link-cvtres.write.1.tlog
C:\Users\Ankur\Desktop\raytracer orig\Debug\link-rc.read.1.tlog
C:\Users\Ankur\Desktop\raytracer orig\Debug\link-rc.write.1.tlog
C:\Users\Ankur\Desktop\raytracer orig\Debug\link.2072-cvtres.read.1.tlog
C:\Users\Ankur\Desktop\raytracer orig\Debug\link.2072-cvtres.write.1.tlog
C:\Users\Ankur\Desktop\raytracer orig\Debug\link.2072-rc.read.1.tlog
C:\Users\Ankur\Desktop\raytracer orig\Debug\link.2072-rc.write.1.tlog
C:\Users\Ankur\Desktop\raytracer orig\Debug\link.2072.read.1.tlog
C:\Users\Ankur\Desktop\raytracer orig\Debug\link.2072.write.1.tlog
C:\Users\Ankur\Desktop\raytracer orig\Debug\link.4100-cvtres.read.1.tlog
C:\Users\Ankur\Desktop\raytracer orig\Debug\link.4100-cvtres.write.1.tlog
C:\Users\Ankur\Desktop\raytracer orig\Debug\link.4100-rc.read.1.tlog
C:\Users\Ankur\Desktop\raytracer orig\Debug\link.4100-rc.write.1.tlog
C:\Users\Ankur\Desktop\raytracer orig\Debug\link.4100.read.1.tlog
C:\Users\Ankur\Desktop\raytracer orig\Debug\link.4100.write.1.tlog
C:\Users\Ankur\Desktop\raytracer orig\Debug\link.5000-cvtres.read.1.tlog
C:\Users\Ankur\Desktop\raytracer orig\Debug\link.5000-cvtres.write.1.tlog
C:\Users\Ankur\Desktop\raytracer orig\Debug\link.5000-rc.read.1.tlog
C:\Users\Ankur\Desktop\raytracer orig\Debug\link.5000-rc.write.1.tlog
C:\Users\Ankur\Desktop\raytracer orig\Debug\link.5000.read.1.tlog
C:\Users\Ankur\Desktop\raytracer orig\Debug\link.5000.write.1.tlog
C:\Users\Ankur\Desktop\raytracer orig\Debug\link.command.1.tlog
C:\Users\Ankur\Desktop\raytracer orig\Debug\link.read.1.tlog
C:\Users\Ankur\Desktop\raytracer orig\Debug\link.write.1.tlog
C:\Users\Ankur\Desktop\raytracer orig\Debug\as2.pch
C:\Users\Ankur\Desktop\raytracer orig\Debug\vc110.idb
C:\Users\Ankur\Desktop\raytracer orig\Debug\as2.pdb
C:\Users\Ankur\Desktop\raytracer orig\Debug\vc110.pdb
