Build started 10/31/2014 3:32:05 PM.
     1>Project "C:\Users\Mangesh\Documents\Fall_2014\CS 184\raytracer_ak\raytracer.vcxproj" on node 2 (Build target(s)).
     1>C:\Program Files (x86)\MSBuild\Microsoft.Cpp\v4.0\V110\Microsoft.CppBuild.targets(346,5): warning MSB8004: Output Directory does not end with a trailing slash.  This build instance will add the slash as it is required to allow proper evaluation of the Output Directory.
     1>ClCompile:
         C:\Program Files (x86)\Microsoft Visual Studio 11.0\VC\bin\CL.exe /c /ZI /nologo /W3 /WX- /sdl /Od /Oy- /D WIN32 /D _DEBUG /D _CONSOLE /D _MBCS /Gm /EHsc /RTC1 /MDd /GS /fp:precise /Zc:wchar_t /Zc:forScope /Yc"stdafx.h" /Fp"Debug\as2.pch" /Fo"Debug\\" /Fd"Debug\vc110.pdb" /Gd /TP /analyze- /errorReport:prompt stdafx.cpp
         stdafx.cpp
         C:\Program Files (x86)\Microsoft Visual Studio 11.0\VC\bin\CL.exe /c /ZI /nologo /W3 /WX- /sdl /Od /Oy- /D WIN32 /D _DEBUG /D _CONSOLE /D _MBCS /Gm /EHsc /RTC1 /MDd /GS /fp:precise /Zc:wchar_t /Zc:forScope /Yu"stdafx.h" /Fp"Debug\as2.pch" /Fo"Debug\\" /Fd"Debug\vc110.pdb" /Gd /TP /analyze- /errorReport:prompt AggregatePrimitive.cpp AmbientLight.cpp BRDF.cpp Camera.cpp Color.cpp DirectLight.cpp Film.cpp Intersection.cpp LocalGeo.cpp Matrix.cpp Normal.cpp Point.cpp PointLight.cpp Ray.cpp Raytracer.cpp Sample.cpp Sampler.cpp Scene.cpp Sphere.cpp Triangle.cpp Vector.cpp
         Vector.cpp
         Triangle.cpp
         Sphere.cpp
     1>c:\users\mangesh\documents\fall_2014\cs 184\raytracer_ak\sphere.cpp(46): warning C4244: '=' : conversion from 'double' to 'float', possible loss of data
     1>c:\users\mangesh\documents\fall_2014\cs 184\raytracer_ak\sphere.cpp(47): warning C4244: '=' : conversion from 'double' to 'float', possible loss of data
     1>c:\users\mangesh\documents\fall_2014\cs 184\raytracer_ak\sphere.cpp(51): warning C4244: '=' : conversion from 'double' to 'float', possible loss of data
     1>c:\users\mangesh\documents\fall_2014\cs 184\raytracer_ak\sphere.cpp(53): warning C4244: '=' : conversion from 'double' to 'float', possible loss of data
     1>c:\users\mangesh\documents\fall_2014\cs 184\raytracer_ak\sphere.cpp(113): warning C4244: '=' : conversion from 'double' to 'float', possible loss of data
     1>c:\users\mangesh\documents\fall_2014\cs 184\raytracer_ak\sphere.cpp(115): warning C4244: '=' : conversion from 'double' to 'float', possible loss of data
         Scene.cpp
     1>c:\users\mangesh\documents\fall_2014\cs 184\raytracer_ak\scene.cpp(55): warning C4305: 'argument' : truncation from 'double' to 'float'
     1>c:\users\mangesh\documents\fall_2014\cs 184\raytracer_ak\scene.cpp(56): warning C4305: 'argument' : truncation from 'double' to 'float'
     1>c:\users\mangesh\documents\fall_2014\cs 184\raytracer_ak\scene.cpp(68): warning C4305: 'argument' : truncation from 'double' to 'float'
     1>c:\users\mangesh\documents\fall_2014\cs 184\raytracer_ak\scene.cpp(69): warning C4305: 'argument' : truncation from 'double' to 'float'
     1>c:\users\mangesh\documents\fall_2014\cs 184\raytracer_ak\scene.cpp(91): warning C4018: '<' : signed/unsigned mismatch
     1>c:\users\mangesh\documents\fall_2014\cs 184\raytracer_ak\scene.cpp(93): warning C4244: 'argument' : conversion from 'double' to 'float', possible loss of data
     1>c:\users\mangesh\documents\fall_2014\cs 184\raytracer_ak\scene.cpp(98): warning C4244: 'argument' : conversion from 'double' to 'float', possible loss of data
     1>c:\users\mangesh\documents\fall_2014\cs 184\raytracer_ak\scene.cpp(103): warning C4244: 'argument' : conversion from 'double' to 'unsigned int', possible loss of data
     1>c:\users\mangesh\documents\fall_2014\cs 184\raytracer_ak\scene.cpp(128): warning C4244: 'argument' : conversion from 'double' to 'float', possible loss of data
     1>c:\users\mangesh\documents\fall_2014\cs 184\raytracer_ak\scene.cpp(129): warning C4244: 'argument' : conversion from 'double' to 'float', possible loss of data
     1>c:\users\mangesh\documents\fall_2014\cs 184\raytracer_ak\scene.cpp(130): warning C4244: 'argument' : conversion from 'double' to 'float', possible loss of data
     1>c:\users\mangesh\documents\fall_2014\cs 184\raytracer_ak\scene.cpp(131): warning C4244: 'argument' : conversion from 'double' to 'float', possible loss of data
     1>c:\users\mangesh\documents\fall_2014\cs 184\raytracer_ak\scene.cpp(132): warning C4244: 'argument' : conversion from 'double' to 'float', possible loss of data
     1>c:\users\mangesh\documents\fall_2014\cs 184\raytracer_ak\scene.cpp(143): warning C4244: 'argument' : conversion from 'double' to 'float', possible loss of data
     1>c:\users\mangesh\documents\fall_2014\cs 184\raytracer_ak\scene.cpp(149): warning C4244: 'argument' : conversion from 'double' to 'float', possible loss of data
     1>c:\users\mangesh\documents\fall_2014\cs 184\raytracer_ak\scene.cpp(155): warning C4244: 'argument' : conversion from 'double' to 'float', possible loss of data
     1>c:\users\mangesh\documents\fall_2014\cs 184\raytracer_ak\scene.cpp(161): warning C4244: 'argument' : conversion from 'double' to 'float', possible loss of data
     1>c:\users\mangesh\documents\fall_2014\cs 184\raytracer_ak\scene.cpp(167): warning C4244: 'argument' : conversion from 'double' to 'float', possible loss of data
     1>c:\users\mangesh\documents\fall_2014\cs 184\raytracer_ak\scene.cpp(172): warning C4244: 'argument' : conversion from 'double' to 'float', possible loss of data
     1>c:\users\mangesh\documents\fall_2014\cs 184\raytracer_ak\scene.cpp(178): warning C4244: 'argument' : conversion from 'double' to 'float', possible loss of data
     1>c:\users\mangesh\documents\fall_2014\cs 184\raytracer_ak\scene.cpp(185): warning C4244: 'argument' : conversion from 'double' to 'float', possible loss of data
     1>c:\users\mangesh\documents\fall_2014\cs 184\raytracer_ak\scene.cpp(193): warning C4244: 'argument' : conversion from 'double' to 'float', possible loss of data
         Sampler.cpp
         Sample.cpp
         Raytracer.cpp
     1>c:\users\mangesh\documents\fall_2014\cs 184\raytracer_ak\raytracer.cpp(58): warning C4305: 'argument' : truncation from 'double' to 'float'
         Ray.cpp
         PointLight.cpp
     1>c:\users\mangesh\documents\fall_2014\cs 184\raytracer_ak\pointlight.cpp(19): warning C4305: 'argument' : truncation from 'double' to 'float'
         Point.cpp
         Normal.cpp
         Matrix.cpp
         LocalGeo.cpp
         Intersection.cpp
         Film.cpp
     1>c:\users\mangesh\documents\fall_2014\cs 184\raytracer_ak\film.cpp(17): warning C4244: 'argument' : conversion from 'float' to 'const unsigned int', possible loss of data
     1>c:\users\mangesh\documents\fall_2014\cs 184\raytracer_ak\film.cpp(21): warning C4244: 'argument' : conversion from 'float' to 'const int', possible loss of data
         DirectLight.cpp
     1>c:\users\mangesh\documents\fall_2014\cs 184\raytracer_ak\directlight.cpp(19): warning C4305: 'argument' : truncation from 'double' to 'float'
         Color.cpp
         Camera.cpp
         BRDF.cpp
         AmbientLight.cpp
         Generating Code...
         Compiling...
         AggregatePrimitive.cpp
         Generating Code...
       Link:
         C:\Program Files (x86)\Microsoft Visual Studio 11.0\VC\bin\link.exe /ERRORREPORT:PROMPT /OUT:".\Output\as2.exe" /INCREMENTAL /NOLOGO kernel32.lib user32.lib gdi32.lib winspool.lib comdlg32.lib advapi32.lib shell32.lib ole32.lib oleaut32.lib uuid.lib odbc32.lib odbccp32.lib /MANIFEST /MANIFESTUAC:"level='asInvoker' uiAccess='false'" /manifest:embed /DEBUG /PDB:".\Output\as2.pdb" /SUBSYSTEM:CONSOLE /TLBID:1 /DYNAMICBASE /NXCOMPAT /IMPLIB:".\Output\as2.lib" /MACHINE:X86 Debug\AggregatePrimitive.obj
         Debug\AmbientLight.obj
         Debug\BRDF.obj
         Debug\Camera.obj
         Debug\Color.obj
         Debug\DirectLight.obj
         Debug\Film.obj
         Debug\Intersection.obj
         Debug\LocalGeo.obj
         Debug\Matrix.obj
         Debug\Normal.obj
         Debug\Point.obj
         Debug\PointLight.obj
         Debug\Ray.obj
         Debug\Raytracer.obj
         Debug\Sample.obj
         Debug\Sampler.obj
         Debug\Scene.obj
         Debug\Sphere.obj
         Debug\stdafx.obj
         Debug\Triangle.obj
         Debug\Vector.obj
         raytracer.vcxproj -> C:\Users\Mangesh\Documents\Fall_2014\CS 184\raytracer_ak\.\Output\as2.exe
     1>Done Building Project "C:\Users\Mangesh\Documents\Fall_2014\CS 184\raytracer_ak\raytracer.vcxproj" (Build target(s)).

Build succeeded.

Time Elapsed 00:00:14.75
